c:\users\ewalker\google drive\work\cs315\fall2014\tutorials\week9\color_average\greyscale\debug\source.obj
c:\users\ewalker\google drive\work\cs315\fall2014\tutorials\week9\color_average\greyscale\debug\vc110.pdb
c:\users\ewalker\google drive\work\cs315\fall2014\tutorials\week9\color_average\debug\coloraverage.ilk
c:\users\ewalker\google drive\work\cs315\fall2014\tutorials\week9\color_average\debug\coloraverage.exe
c:\users\ewalker\google drive\work\cs315\fall2014\tutorials\week9\color_average\debug\coloraverage.pdb
c:\users\ewalker\google drive\work\cs315\fall2014\tutorials\week9\color_average\greyscale\debug\device.cu.cache
c:\users\ewalker\google drive\work\cs315\fall2014\tutorials\week9\color_average\greyscale\debug\reduce.cu.cache
c:\users\ewalker\google drive\work\cs315\fall2014\tutorials\week9\color_average\greyscale\debug\device.cu.obj
c:\users\ewalker\google drive\work\cs315\fall2014\tutorials\week9\color_average\greyscale\debug\reduce.cu.obj
c:\users\ewalker\google drive\work\cs315\fall2014\tutorials\week9\color_average\greyscale\debug\cl.command.1.tlog
c:\users\ewalker\google drive\work\cs315\fall2014\tutorials\week9\color_average\greyscale\debug\cl.read.1.tlog
c:\users\ewalker\google drive\work\cs315\fall2014\tutorials\week9\color_average\greyscale\debug\cl.write.1.tlog
c:\users\ewalker\google drive\work\cs315\fall2014\tutorials\week9\color_average\greyscale\debug\link-cvtres.read.1.tlog
c:\users\ewalker\google drive\work\cs315\fall2014\tutorials\week9\color_average\greyscale\debug\link-cvtres.write.1.tlog
c:\users\ewalker\google drive\work\cs315\fall2014\tutorials\week9\color_average\greyscale\debug\link-rc.read.1.tlog
c:\users\ewalker\google drive\work\cs315\fall2014\tutorials\week9\color_average\greyscale\debug\link-rc.write.1.tlog
c:\users\ewalker\google drive\work\cs315\fall2014\tutorials\week9\color_average\greyscale\debug\link.command.1.tlog
c:\users\ewalker\google drive\work\cs315\fall2014\tutorials\week9\color_average\greyscale\debug\link.read.1.tlog
c:\users\ewalker\google drive\work\cs315\fall2014\tutorials\week9\color_average\greyscale\debug\link.write.1.tlog
c:\users\ewalker\google drive\work\cs315\fall2014\tutorials\week9\color_average\greyscale\debug\vc110.idb
