Q:\SPUZANKOV16\CS171\FALLING BLOCKS\FALLING BLOCKS\DEBUG\FALLING BLOCKS.PCH
Q:\SPUZANKOV16\CS171\FALLING BLOCKS\FALLING BLOCKS\DEBUG\STDAFX.OBJ
Q:\SPUZANKOV16\CS171\FALLING BLOCKS\FALLING BLOCKS\DEBUG\VC110.PDB
Q:\SPUZANKOV16\CS171\FALLING BLOCKS\FALLING BLOCKS\DEBUG\FALLING BLOCKS.OBJ
Q:\SPUZANKOV16\CS171\FALLING BLOCKS\FALLING BLOCKS\DEBUG\GAMEMGR.OBJ
K:\CS 171-1\FALLING BLOCKS\FALLING BLOCKS\DEBUG\FALLING BLOCKS.PCH
K:\CS 171-1\FALLING BLOCKS\FALLING BLOCKS\DEBUG\STDAFX.OBJ
K:\CS 171-1\FALLING BLOCKS\FALLING BLOCKS\DEBUG\VC110.PDB
K:\CS 171-1\FALLING BLOCKS\FALLING BLOCKS\DEBUG\FALLING BLOCKS.OBJ
Q:\SPUZANKOV16\CS171\FALLING BLOCKS\FALLING BLOCKS\DEBUG\FALLING BLOCKS.ILK
Q:\SPUZANKOV16\CS171\FALLING BLOCKS\FALLING BLOCKS\DEBUG\FALLING BLOCKS.EXE
Q:\SPUZANKOV16\CS171\FALLING BLOCKS\FALLING BLOCKS\DEBUG\FALLING BLOCKS.PDB
K:\CS 171-1\FALLING BLOCKS\FALLING BLOCKS\DEBUG\FALLING BLOCKS.ILK
K:\CS 171-1\FALLING BLOCKS\FALLING BLOCKS\DEBUG\FALLING BLOCKS.EXE
K:\CS 171-1\FALLING BLOCKS\FALLING BLOCKS\DEBUG\FALLING BLOCKS.PDB
Q:\SPUZANKOV16\CS171\FALLING BLOCKS\FALLING BLOCKS\DEBUG\FALLING BLOCKS.RES
K:\CS 171-1\FALLING BLOCKS\FALLING BLOCKS\DEBUG\FALLING BLOCKS.RES
K:\CS 171-1\Falling Blocks\Falling Blocks\Debug\stdafx.obj
K:\CS 171-1\Falling Blocks\Falling Blocks\Debug\Falling Blocks.ilk
K:\CS 171-1\Falling Blocks\Falling Blocks\Debug\cl.command.1.tlog
K:\CS 171-1\Falling Blocks\Falling Blocks\Debug\CL.read.1.tlog
K:\CS 171-1\Falling Blocks\Falling Blocks\Debug\CL.write.1.tlog
K:\CS 171-1\Falling Blocks\Falling Blocks\Debug\link-cvtres.read.1.tlog
K:\CS 171-1\Falling Blocks\Falling Blocks\Debug\link-cvtres.write.1.tlog
K:\CS 171-1\Falling Blocks\Falling Blocks\Debug\link-rc.read.1.tlog
K:\CS 171-1\Falling Blocks\Falling Blocks\Debug\link-rc.write.1.tlog
K:\CS 171-1\Falling Blocks\Falling Blocks\Debug\link.3108-cvtres.read.1.tlog
K:\CS 171-1\Falling Blocks\Falling Blocks\Debug\link.3108-cvtres.write.1.tlog
K:\CS 171-1\Falling Blocks\Falling Blocks\Debug\link.3108-rc.read.1.tlog
K:\CS 171-1\Falling Blocks\Falling Blocks\Debug\link.3108-rc.write.1.tlog
K:\CS 171-1\Falling Blocks\Falling Blocks\Debug\link.3108.read.1.tlog
K:\CS 171-1\Falling Blocks\Falling Blocks\Debug\link.3108.write.1.tlog
K:\CS 171-1\Falling Blocks\Falling Blocks\Debug\link.4816-cvtres.read.1.tlog
K:\CS 171-1\Falling Blocks\Falling Blocks\Debug\link.4816-cvtres.write.1.tlog
K:\CS 171-1\Falling Blocks\Falling Blocks\Debug\link.4816-rc.read.1.tlog
K:\CS 171-1\Falling Blocks\Falling Blocks\Debug\link.4816-rc.write.1.tlog
K:\CS 171-1\Falling Blocks\Falling Blocks\Debug\link.4816.read.1.tlog
K:\CS 171-1\Falling Blocks\Falling Blocks\Debug\link.4816.write.1.tlog
K:\CS 171-1\Falling Blocks\Falling Blocks\Debug\link.5272-cvtres.read.1.tlog
K:\CS 171-1\Falling Blocks\Falling Blocks\Debug\link.5272-cvtres.write.1.tlog
K:\CS 171-1\Falling Blocks\Falling Blocks\Debug\link.5272-rc.read.1.tlog
K:\CS 171-1\Falling Blocks\Falling Blocks\Debug\link.5272-rc.write.1.tlog
K:\CS 171-1\Falling Blocks\Falling Blocks\Debug\link.5272.read.1.tlog
K:\CS 171-1\Falling Blocks\Falling Blocks\Debug\link.5272.write.1.tlog
K:\CS 171-1\Falling Blocks\Falling Blocks\Debug\link.6852-cvtres.read.1.tlog
K:\CS 171-1\Falling Blocks\Falling Blocks\Debug\link.6852-cvtres.write.1.tlog
K:\CS 171-1\Falling Blocks\Falling Blocks\Debug\link.6852-rc.read.1.tlog
K:\CS 171-1\Falling Blocks\Falling Blocks\Debug\link.6852-rc.write.1.tlog
K:\CS 171-1\Falling Blocks\Falling Blocks\Debug\link.6852.read.1.tlog
K:\CS 171-1\Falling Blocks\Falling Blocks\Debug\link.6852.write.1.tlog
K:\CS 171-1\Falling Blocks\Falling Blocks\Debug\link.7112-cvtres.read.1.tlog
K:\CS 171-1\Falling Blocks\Falling Blocks\Debug\link.7112-cvtres.write.1.tlog
K:\CS 171-1\Falling Blocks\Falling Blocks\Debug\link.7112-rc.read.1.tlog
K:\CS 171-1\Falling Blocks\Falling Blocks\Debug\link.7112-rc.write.1.tlog
K:\CS 171-1\Falling Blocks\Falling Blocks\Debug\link.7112.read.1.tlog
K:\CS 171-1\Falling Blocks\Falling Blocks\Debug\link.7112.write.1.tlog
K:\CS 171-1\Falling Blocks\Falling Blocks\Debug\link.command.1.tlog
K:\CS 171-1\Falling Blocks\Falling Blocks\Debug\link.read.1.tlog
K:\CS 171-1\Falling Blocks\Falling Blocks\Debug\link.write.1.tlog
K:\CS 171-1\Falling Blocks\Falling Blocks\Debug\rc.command.1.tlog
K:\CS 171-1\Falling Blocks\Falling Blocks\Debug\rc.read.1.tlog
K:\CS 171-1\Falling Blocks\Falling Blocks\Debug\rc.write.1.tlog
K:\CS 171-1\Falling Blocks\Falling Blocks\Debug\Falling Blocks.res
K:\CS 171-1\Falling Blocks\Falling Blocks\Debug\Falling Blocks.pch
K:\CS 171-1\Falling Blocks\Falling Blocks\Debug\vc110.idb
K:\CS 171-1\Falling Blocks\Falling Blocks\Debug\Falling Blocks.pdb
K:\CS 171-1\Falling Blocks\Falling Blocks\Debug\vc110.pdb
K:\CS 171-1\Falling Blocks\Falling Blocks\Debug\Falling Blocks.exe
