P:\FREELANCER\ADVENTUREGAME\ADVENTUREGAME\DEBUG\DRIVER.OBJ
P:\FREELANCER\ADVENTUREGAME\ADVENTUREGAME\DEBUG\IMPLEMENTATION.OBJ
P:\FREELANCER\ADVENTUREGAME\ADVENTUREGAME\DEBUG\VC110.PDB
P:\FREELANCER\ADVENTUREGAME\DEBUG\ADVENTUREGAME.ILK
P:\FREELANCER\ADVENTUREGAME\DEBUG\ADVENTUREGAME.EXE
P:\FREELANCER\ADVENTUREGAME\DEBUG\ADVENTUREGAME.PDB
P:\Freelancer\AdventureGame\AdventureGame\Debug\Driver.obj
P:\Freelancer\AdventureGame\AdventureGame\Debug\Implementation.obj
P:\Freelancer\AdventureGame\AdventureGame\Debug\cl.command.1.tlog
P:\Freelancer\AdventureGame\AdventureGame\Debug\CL.read.1.tlog
P:\Freelancer\AdventureGame\AdventureGame\Debug\CL.write.1.tlog
P:\Freelancer\AdventureGame\AdventureGame\Debug\link-cvtres.read.1.tlog
P:\Freelancer\AdventureGame\AdventureGame\Debug\link-cvtres.write.1.tlog
P:\Freelancer\AdventureGame\AdventureGame\Debug\link-rc.read.1.tlog
P:\Freelancer\AdventureGame\AdventureGame\Debug\link-rc.write.1.tlog
P:\Freelancer\AdventureGame\AdventureGame\Debug\link.2480-cvtres.read.1.tlog
P:\Freelancer\AdventureGame\AdventureGame\Debug\link.2480-cvtres.write.1.tlog
P:\Freelancer\AdventureGame\AdventureGame\Debug\link.2480-rc.read.1.tlog
P:\Freelancer\AdventureGame\AdventureGame\Debug\link.2480-rc.write.1.tlog
P:\Freelancer\AdventureGame\AdventureGame\Debug\link.2480.read.1.tlog
P:\Freelancer\AdventureGame\AdventureGame\Debug\link.2480.write.1.tlog
P:\Freelancer\AdventureGame\AdventureGame\Debug\link.3320-cvtres.read.1.tlog
P:\Freelancer\AdventureGame\AdventureGame\Debug\link.3320-cvtres.write.1.tlog
P:\Freelancer\AdventureGame\AdventureGame\Debug\link.3320-rc.read.1.tlog
P:\Freelancer\AdventureGame\AdventureGame\Debug\link.3320-rc.write.1.tlog
P:\Freelancer\AdventureGame\AdventureGame\Debug\link.3320.read.1.tlog
P:\Freelancer\AdventureGame\AdventureGame\Debug\link.3320.write.1.tlog
P:\Freelancer\AdventureGame\AdventureGame\Debug\link.3532-cvtres.read.1.tlog
P:\Freelancer\AdventureGame\AdventureGame\Debug\link.3532-cvtres.write.1.tlog
P:\Freelancer\AdventureGame\AdventureGame\Debug\link.3532-rc.read.1.tlog
P:\Freelancer\AdventureGame\AdventureGame\Debug\link.3532-rc.write.1.tlog
P:\Freelancer\AdventureGame\AdventureGame\Debug\link.3532.read.1.tlog
P:\Freelancer\AdventureGame\AdventureGame\Debug\link.3532.write.1.tlog
P:\Freelancer\AdventureGame\AdventureGame\Debug\link.3740-cvtres.read.1.tlog
P:\Freelancer\AdventureGame\AdventureGame\Debug\link.3740-cvtres.write.1.tlog
P:\Freelancer\AdventureGame\AdventureGame\Debug\link.3740-rc.read.1.tlog
P:\Freelancer\AdventureGame\AdventureGame\Debug\link.3740-rc.write.1.tlog
P:\Freelancer\AdventureGame\AdventureGame\Debug\link.3740.read.1.tlog
P:\Freelancer\AdventureGame\AdventureGame\Debug\link.3740.write.1.tlog
P:\Freelancer\AdventureGame\AdventureGame\Debug\link.4008-cvtres.read.1.tlog
P:\Freelancer\AdventureGame\AdventureGame\Debug\link.4008-cvtres.write.1.tlog
P:\Freelancer\AdventureGame\AdventureGame\Debug\link.4008-rc.read.1.tlog
P:\Freelancer\AdventureGame\AdventureGame\Debug\link.4008-rc.write.1.tlog
P:\Freelancer\AdventureGame\AdventureGame\Debug\link.4008.read.1.tlog
P:\Freelancer\AdventureGame\AdventureGame\Debug\link.4008.write.1.tlog
P:\Freelancer\AdventureGame\AdventureGame\Debug\link.4260-cvtres.read.1.tlog
P:\Freelancer\AdventureGame\AdventureGame\Debug\link.4260-cvtres.write.1.tlog
P:\Freelancer\AdventureGame\AdventureGame\Debug\link.4260-rc.read.1.tlog
P:\Freelancer\AdventureGame\AdventureGame\Debug\link.4260-rc.write.1.tlog
P:\Freelancer\AdventureGame\AdventureGame\Debug\link.4260.read.1.tlog
P:\Freelancer\AdventureGame\AdventureGame\Debug\link.4260.write.1.tlog
P:\Freelancer\AdventureGame\AdventureGame\Debug\link.4428-cvtres.read.1.tlog
P:\Freelancer\AdventureGame\AdventureGame\Debug\link.4428-cvtres.write.1.tlog
P:\Freelancer\AdventureGame\AdventureGame\Debug\link.4428-rc.read.1.tlog
P:\Freelancer\AdventureGame\AdventureGame\Debug\link.4428-rc.write.1.tlog
P:\Freelancer\AdventureGame\AdventureGame\Debug\link.4428.read.1.tlog
P:\Freelancer\AdventureGame\AdventureGame\Debug\link.4428.write.1.tlog
P:\Freelancer\AdventureGame\AdventureGame\Debug\link.command.1.tlog
P:\Freelancer\AdventureGame\AdventureGame\Debug\link.read.1.tlog
P:\Freelancer\AdventureGame\AdventureGame\Debug\link.write.1.tlog
P:\Freelancer\AdventureGame\AdventureGame\Debug\vc110.idb
P:\Freelancer\AdventureGame\AdventureGame\Debug\vc110.pdb
P:\Freelancer\AdventureGame\Debug\AdventureGame.pdb
P:\Freelancer\AdventureGame\Debug\AdventureGame.exe
P:\Freelancer\AdventureGame\Debug\AdventureGame.ilk
